mode: count
github.com/nicksrandall/restful-starter-kit/apis/auth.go:23.56,24.54 1 1
github.com/nicksrandall/restful-starter-kit/apis/auth.go:24.54,26.69 2 2
github.com/nicksrandall/restful-starter-kit/apis/auth.go:31.3,32.22 2 2
github.com/nicksrandall/restful-starter-kit/apis/auth.go:37.3,43.50 2 1
github.com/nicksrandall/restful-starter-kit/apis/auth.go:26.69,29.4 2 0
github.com/nicksrandall/restful-starter-kit/apis/auth.go:32.22,35.4 2 1
github.com/nicksrandall/restful-starter-kit/apis/auth.go:47.49,48.50 1 2
github.com/nicksrandall/restful-starter-kit/apis/auth.go:51.2,51.12 1 1
github.com/nicksrandall/restful-starter-kit/apis/auth.go:48.50,50.3 1 1
github.com/nicksrandall/restful-starter-kit/apis/artist.go:34.68,41.2 6 1
github.com/nicksrandall/restful-starter-kit/apis/artist.go:43.74,46.16 3 0
github.com/nicksrandall/restful-starter-kit/apis/artist.go:50.2,51.30 2 0
github.com/nicksrandall/restful-starter-kit/apis/artist.go:46.16,49.3 2 0
github.com/nicksrandall/restful-starter-kit/apis/artist.go:54.76,58.2 3 0
github.com/nicksrandall/restful-starter-kit/apis/artist.go:60.77,63.65 3 0
github.com/nicksrandall/restful-starter-kit/apis/artist.go:67.2,68.26 2 0
github.com/nicksrandall/restful-starter-kit/apis/artist.go:63.65,66.3 2 0
github.com/nicksrandall/restful-starter-kit/apis/artist.go:71.77,74.16 3 0
github.com/nicksrandall/restful-starter-kit/apis/artist.go:78.2,79.65 2 0
github.com/nicksrandall/restful-starter-kit/apis/artist.go:83.2,84.26 2 0
github.com/nicksrandall/restful-starter-kit/apis/artist.go:74.16,77.3 2 0
github.com/nicksrandall/restful-starter-kit/apis/artist.go:79.65,82.3 2 0
github.com/nicksrandall/restful-starter-kit/apis/artist.go:87.77,90.16 3 0
github.com/nicksrandall/restful-starter-kit/apis/artist.go:94.2,95.27 2 0
github.com/nicksrandall/restful-starter-kit/apis/artist.go:90.16,93.3 2 0
